<?xml version="1.0" encoding="UTF-8"?>
<testsuites name="DataDrivenLogin" time="5.905" tests="1" failures="0" errors="0">
   <testsuite name="DataDrivenLogin" tests="1" failures="0" errors="0" time="5.905" skipped="0" timestamp="24-04-2024T01:29:03" hostname="User - DESKTOP-O4SL0UC" id="Test Suites/DataDrivenLogin">
      <properties>
         <property name="deviceName" value=""/>
         <property name="devicePlatform" value=""/>
         <property name="logFolder" value="C:\\Users\\User\\git\\KatalonTest\\Reports\\20240424_012900\\DataDrivenLogin\\20240424_012900"/>
         <property name="logFiles" value="C:\\Users\\User\\git\\KatalonTest\\Reports\\20240424_012900\\DataDrivenLogin\\20240424_012900\\execution0.log"/>
         <property name="attachments" value=""/>
         <property name="hostName" value="User - DESKTOP-O4SL0UC"/>
         <property name="os" value="Windows 11 64bit"/>
         <property name="katalonVersion" value="9.4.0.212"/>
         <property name="browser" value="Chrome 124.0.0.0"/>
         <property name="hostAddress" value="192.168.8.173"/>
         <property name="sessionId" value="711a01f3d5f13b6810b45afd99adabc1"/>
         <property name="seleniumVersion" value="3.141.59"/>
         <property name="proxyInformation" value="ProxyInformation { proxyOption=NO_PROXY, proxyServerType=HTTP, username=, password=********, proxyServerAddress=, proxyServerPort=0, executionList=&quot;&quot;, isApplyToDesiredCapabilities=true }"/>
         <property name="platform" value="Windows 11"/>
      </properties>
      <testcase name="Test Cases/Login" time="5.707" classname="Test Cases/Login" status="PASSED">
         <system-out><![CDATA[24-04-2024T01:29:03 - [TEST_CASE][PASSED] - Test Cases/Login: Test Cases/Login

24-04-2024T01:29:04 - [TEST_STEP][PASSED] - openBrowser(""): Browser is opened with url: ''

24-04-2024T01:29:04 - [MESSAGE][INFO] - Starting 'Chrome' driver

24-04-2024T01:29:04 - [MESSAGE][INFO] - Action delay is set to 0 milliseconds

24-04-2024T01:29:05 - [MESSAGE][PASSED] - Browser is opened with url: ''

24-04-2024T01:29:05 - [TEST_STEP][PASSED] - navigateToUrl("https://katalon-demo-cura.herokuapp.com/profile.php#login"): Navigate to 'https://katalon-demo-cura.herokuapp.com/profile.php#login' successfully

24-04-2024T01:29:07 - [MESSAGE][PASSED] - Navigate to 'https://katalon-demo-cura.herokuapp.com/profile.php#login' successfully

24-04-2024T01:29:07 - [TEST_STEP][PASSED] - setText(findTestObject("Object Repository/TC_01_Login/Page_CURA Healthcare Service/input_Username_username"), "John Doe"): Text 'John Doe' is set on object 'Object Repository/TC_01_Login/Page_CURA Healthcare Service/input_Username_username'

24-04-2024T01:29:07 - [MESSAGE][PASSED] - Text 'John Doe' is set on object 'Object Repository/TC_01_Login/Page_CURA Healthcare Service/input_Username_username'

24-04-2024T01:29:07 - [TEST_STEP][PASSED] - setEncryptedText(findTestObject("Object Repository/TC_01_Login/Page_CURA Healthcare Service/input_Password_password"), "g3/DOGG74jC3Flrr3yH+3D/yKbOqqUNM"): Text ****** has been set on object 'Object Repository/TC_01_Login/Page_CURA Healthcare Service/input_Password_password'

24-04-2024T01:29:08 - [MESSAGE][PASSED] - Text ****** has been set on object 'Object Repository/TC_01_Login/Page_CURA Healthcare Service/input_Password_password'

24-04-2024T01:29:08 - [TEST_STEP][PASSED] - click(findTestObject("Object Repository/TC_01_Login/Page_CURA Healthcare Service/button_Login")): Object: 'Object Repository/TC_01_Login/Page_CURA Healthcare Service/button_Login' is clicked on

24-04-2024T01:29:09 - [MESSAGE][PASSED] - Object: 'Object Repository/TC_01_Login/Page_CURA Healthcare Service/button_Login' is clicked on

24-04-2024T01:29:09 - [TEST_STEP][PASSED] - closeBrowser(): Browser is closed

24-04-2024T01:29:09 - [MESSAGE][PASSED] - Browser is closed]]></system-out>
         <system-err><![CDATA[]]></system-err>
      </testcase>
      <system-out><![CDATA[24-04-2024T01:29:03 - [TEST_SUITE][PASSED] - DataDrivenLogin: Test Cases/Login]]></system-out>
      <system-err><![CDATA[]]></system-err>
   </testsuite>
</testsuites>
